[debug] [2023-02-14T15:45:06.060Z] ----------------------------------------------------------------------
[debug] [2023-02-14T15:45:06.061Z] Command:       /usr/local/bin/node /usr/local/bin/firebase serve
[debug] [2023-02-14T15:45:06.061Z] CLI Version:   11.16.0
[debug] [2023-02-14T15:45:06.061Z] Platform:      darwin
[debug] [2023-02-14T15:45:06.061Z] Node Version:  v18.12.1
[debug] [2023-02-14T15:45:06.062Z] Time:          Tue Feb 14 2023 21:15:06 GMT+0530 (India Standard Time)
[debug] [2023-02-14T15:45:06.062Z] ----------------------------------------------------------------------
[debug] 
[debug] [2023-02-14T15:45:06.117Z] > command requires scopes: ["email","openid","https://www.googleapis.com/auth/cloudplatformprojects.readonly","https://www.googleapis.com/auth/firebase","https://www.googleapis.com/auth/cloud-platform"]
[debug] [2023-02-14T15:45:06.117Z] > authorizing via signed-in user (priyanshu.31082003@gmail.com)
[debug] [2023-02-14T15:45:06.117Z] [iam] checking project cultural-council for permissions ["firebase.projects.get"]
[debug] [2023-02-14T15:45:06.118Z] >>> [apiv2][query] POST https://cloudresourcemanager.googleapis.com/v1/projects/cultural-council:testIamPermissions [none]
[debug] [2023-02-14T15:45:06.118Z] >>> [apiv2][(partial)header] POST https://cloudresourcemanager.googleapis.com/v1/projects/cultural-council:testIamPermissions x-goog-quota-user=projects/cultural-council
[debug] [2023-02-14T15:45:06.118Z] >>> [apiv2][body] POST https://cloudresourcemanager.googleapis.com/v1/projects/cultural-council:testIamPermissions {"permissions":["firebase.projects.get"]}
[debug] [2023-02-14T15:45:07.625Z] <<< [apiv2][status] POST https://cloudresourcemanager.googleapis.com/v1/projects/cultural-council:testIamPermissions 200
[debug] [2023-02-14T15:45:07.625Z] <<< [apiv2][body] POST https://cloudresourcemanager.googleapis.com/v1/projects/cultural-council:testIamPermissions {"permissions":["firebase.projects.get"]}
[debug] [2023-02-14T15:45:07.627Z] >>> [apiv2][query] GET https://firebase.googleapis.com/v1beta1/projects/cultural-council [none]
[debug] [2023-02-14T15:45:08.044Z] <<< [apiv2][status] GET https://firebase.googleapis.com/v1beta1/projects/cultural-council 200
[debug] [2023-02-14T15:45:08.044Z] <<< [apiv2][body] GET https://firebase.googleapis.com/v1beta1/projects/cultural-council {"projectId":"cultural-council","projectNumber":"638478330287","displayName":"Cultural-Council","name":"projects/cultural-council","resources":{"hostingSite":"cultural-council"},"state":"ACTIVE","etag":"1_450e98ee-7479-479e-9934-178220164acd"}
[info] 
[info] === Serving from '/Users/priyanshu/Desktop/Engifest/engifest-backend'...
[info] 
[warn] ⚠  Your requested "node" version "16" doesn't match your global version "18". Using node@18 from host. {"metadata":{"emulator":{"name":"functions"},"message":"Your requested \"node\" version \"16\" doesn't match your global version \"18\". Using node@18 from host."}}
[debug] [2023-02-14T15:45:08.062Z] defaultcredentials: writing to file /Users/priyanshu/.config/firebase/priyanshu_31082003_gmail.com_application_default_credentials.json
[debug] [2023-02-14T15:45:08.064Z] Setting GAC to /Users/priyanshu/.config/firebase/priyanshu_31082003_gmail.com_application_default_credentials.json {"metadata":{"emulator":{"name":"functions"},"message":"Setting GAC to /Users/priyanshu/.config/firebase/priyanshu_31082003_gmail.com_application_default_credentials.json"}}
[debug] [2023-02-14T15:45:08.065Z] >>> [apiv2][query] GET https://firebase.googleapis.com/v1beta1/projects/cultural-council/adminSdkConfig [none]
[debug] [2023-02-14T15:45:08.700Z] <<< [apiv2][status] GET https://firebase.googleapis.com/v1beta1/projects/cultural-council/adminSdkConfig 200
[debug] [2023-02-14T15:45:08.701Z] <<< [apiv2][body] GET https://firebase.googleapis.com/v1beta1/projects/cultural-council/adminSdkConfig {"projectId":"cultural-council","storageBucket":"cultural-council.appspot.com"}
[info] i  functions: Watching "/Users/priyanshu/Desktop/Engifest/engifest-backend/functions" for Cloud Functions... {"metadata":{"emulator":{"name":"functions"},"message":"Watching \"/Users/priyanshu/Desktop/Engifest/engifest-backend/functions\" for Cloud Functions..."}}
[debug] [2023-02-14T15:45:08.737Z] Validating nodejs source
[warn] ⚠  functions: package.json indicates an outdated version of firebase-functions. Please upgrade using npm install --save firebase-functions@latest in your functions directory. 
[warn] ⚠  functions: Please note that there will be breaking changes when you upgrade. 
[debug] [2023-02-14T15:45:09.882Z] > [functions] package.json contents: {
  "name": "functions",
  "description": "Cloud Functions for Firebase",
  "scripts": {
    "serve": "firebase emulators:start --only functions",
    "shell": "firebase functions:shell",
    "start": "npm run shell",
    "deploy": "firebase deploy --only functions",
    "logs": "firebase functions:log"
  },
  "engines": {
    "node": "16"
  },
  "main": "index.js",
  "dependencies": {
    "@sendgrid/mail": "^7.7.0",
    "aws-sdk": "^2.1299.0",
    "axios": "^1.2.2",
    "bcrypt": "^5.1.0",
    "cors": "^2.8.5",
    "crypto": "^1.0.1",
    "dotenv": "^16.0.3",
    "express": "^4.18.2",
    "firebase-admin": "^10.0.2",
    "firebase-functions": "^3.18.0",
    "fs-extra": "^11.1.0",
    "glob": "^8.0.3",
    "jimp": "^0.22.4",
    "joi": "14.3.1",
    "jsonwebtoken": "^9.0.0",
    "multer": "^1.4.5-lts.1",
    "node-cron": "^3.0.2",
    "pg": "^8.8.0",
    "pg-hstore": "^2.3.4",
    "qr-image": "^3.2.0",
    "qrcode": "^1.5.1",
    "qrcode-reader": "^1.0.4",
    "razorpay": "^2.8.4",
    "request": "^2.88.2",
    "sendgrid": "^5.2.3",
    "sequelize": "^6.28.0",
    "uniqid": "^5.4.0",
    "uuid": "^3.3.3",
    "winston": "^3.8.2",
    "winston-syslog": "^2.7.0"
  },
  "devDependencies": {
    "firebase-functions-test": "^0.2.0",
    "nodemon": "^2.0.20",
    "sequelize-cli": "^6.5.2"
  },
  "private": true
}
[debug] [2023-02-14T15:45:09.883Z] Building nodejs source
[debug] [2023-02-14T15:45:09.883Z] Analyzing nodejs backend spec
[debug] [2023-02-14T15:45:09.884Z] Could not find functions.yaml. Must use http discovery
[debug] [2023-02-14T15:45:09.988Z] Serving at port 9005

[debug] [2023-02-14T15:45:10.373Z] Got response from /__/functions.yaml {"endpoints":{"app":{"platform":"gcfv1","httpsTrigger":{},"entryPoint":"app"}},"specVersion":"v1alpha1","requiredAPIs":[]}
[debug] [2023-02-14T15:45:10.377Z] shutdown requested via /__/quitquitquit

[info] ✔  functions: Loaded functions definitions from source: app. {"metadata":{"emulator":{"name":"functions"},"message":"Loaded functions definitions from source: app."}}
[info] ✔  functions[us-central1-app]: http function initialized (http://localhost:5000/cultural-council/us-central1/app). {"metadata":{"emulator":{"name":"functions"},"message":"\u001b[1mhttp\u001b[22m function initialized (http://localhost:5000/cultural-council/us-central1/app)."}}
[debug] [2023-02-14T15:45:39.158Z] [work-queue] {"queueLength":1,"workRunningCount":0}
[debug] [2023-02-14T15:45:39.158Z] [work-queue] {"queueLength":0,"workRunningCount":1}
[debug] [2023-02-14T15:45:39.159Z] Accepted request GET /cultural-council/us-central1/app --> us-central1-app
[debug] [2023-02-14T15:45:39.163Z] [functions] Runtime ready! Sending request! {"metadata":{"emulator":{"name":"functions"},"message":"[functions] Runtime ready! Sending request!"}}
[debug] [2023-02-14T15:45:39.163Z] [functions] Got req.url=/cultural-council/us-central1/app, mapping to path=/ {"metadata":{"emulator":{"name":"functions"},"message":"[functions] Got req.url=/cultural-council/us-central1/app, mapping to path=/"}}
[info] i  functions: Loaded environment variables from .env. 
[debug] [2023-02-14T15:45:39.172Z] [worker-pool] addWorker(us-central1-app) {"metadata":{"emulator":{"name":"functions"},"message":"[worker-pool] addWorker(us-central1-app)"}}
[debug] [2023-02-14T15:45:39.173Z] [worker-pool] Adding worker with key us-central1-app, total=1 {"metadata":{"emulator":{"name":"functions"},"message":"[worker-pool] Adding worker with key us-central1-app, total=1"}}
[debug] [2023-02-14T15:45:39.774Z] [runtime-status] [93098] Resolved module firebase-admin {"declared":true,"installed":true,"version":"10.3.0","resolution":"/Users/priyanshu/Desktop/Engifest/engifest-backend/functions/node_modules/firebase-admin/lib/index.js"} {"metadata":{"emulator":{"name":"functions"},"function":{"name":"us-central1-app"},"extension":{},"message":"[runtime-status] [93098] Resolved module firebase-admin {\"declared\":true,\"installed\":true,\"version\":\"10.3.0\",\"resolution\":\"/Users/priyanshu/Desktop/Engifest/engifest-backend/functions/node_modules/firebase-admin/lib/index.js\"}"}}
[debug] [2023-02-14T15:45:39.776Z] [runtime-status] [93098] Resolved module firebase-functions {"declared":true,"installed":true,"version":"3.24.1","resolution":"/Users/priyanshu/Desktop/Engifest/engifest-backend/functions/node_modules/firebase-functions/lib/index.js"} {"metadata":{"emulator":{"name":"functions"},"function":{"name":"us-central1-app"},"extension":{},"message":"[runtime-status] [93098] Resolved module firebase-functions {\"declared\":true,\"installed\":true,\"version\":\"3.24.1\",\"resolution\":\"/Users/priyanshu/Desktop/Engifest/engifest-backend/functions/node_modules/firebase-functions/lib/index.js\"}"}}
[debug] [2023-02-14T15:45:39.776Z] [runtime-status] [93098] Outgoing network have been stubbed. [{"name":"http","status":"mocked"},{"name":"http","status":"mocked"},{"name":"https","status":"mocked"},{"name":"https","status":"mocked"},{"name":"net","status":"mocked"}] {"metadata":{"emulator":{"name":"functions"},"function":{"name":"us-central1-app"},"extension":{},"message":"[runtime-status] [93098] Outgoing network have been stubbed. [{\"name\":\"http\",\"status\":\"mocked\"},{\"name\":\"http\",\"status\":\"mocked\"},{\"name\":\"https\",\"status\":\"mocked\"},{\"name\":\"https\",\"status\":\"mocked\"},{\"name\":\"net\",\"status\":\"mocked\"}]"}}
[debug] [2023-02-14T15:45:39.777Z] [runtime-status] [93098] Resolved module firebase-functions {"declared":true,"installed":true,"version":"3.24.1","resolution":"/Users/priyanshu/Desktop/Engifest/engifest-backend/functions/node_modules/firebase-functions/lib/index.js"} {"metadata":{"emulator":{"name":"functions"},"function":{"name":"us-central1-app"},"extension":{},"message":"[runtime-status] [93098] Resolved module firebase-functions {\"declared\":true,\"installed\":true,\"version\":\"3.24.1\",\"resolution\":\"/Users/priyanshu/Desktop/Engifest/engifest-backend/functions/node_modules/firebase-functions/lib/index.js\"}"}}
[debug] [2023-02-14T15:45:39.799Z] [runtime-status] [93098] Checked functions.config() {"config":{}} {"metadata":{"emulator":{"name":"functions"},"function":{"name":"us-central1-app"},"extension":{},"message":"[runtime-status] [93098] Checked functions.config() {\"config\":{}}"}}
[debug] [2023-02-14T15:45:39.799Z] [runtime-status] [93098] firebase-functions has been stubbed. {"functionsResolution":{"declared":true,"installed":true,"version":"3.24.1","resolution":"/Users/priyanshu/Desktop/Engifest/engifest-backend/functions/node_modules/firebase-functions/lib/index.js"}} {"metadata":{"emulator":{"name":"functions"},"function":{"name":"us-central1-app"},"extension":{},"message":"[runtime-status] [93098] firebase-functions has been stubbed. {\"functionsResolution\":{\"declared\":true,\"installed\":true,\"version\":\"3.24.1\",\"resolution\":\"/Users/priyanshu/Desktop/Engifest/engifest-backend/functions/node_modules/firebase-functions/lib/index.js\"}}"}}
[debug] [2023-02-14T15:45:39.799Z] [runtime-status] [93098] Resolved module firebase-functions {"declared":true,"installed":true,"version":"3.24.1","resolution":"/Users/priyanshu/Desktop/Engifest/engifest-backend/functions/node_modules/firebase-functions/lib/index.js"} {"metadata":{"emulator":{"name":"functions"},"function":{"name":"us-central1-app"},"extension":{},"message":"[runtime-status] [93098] Resolved module firebase-functions {\"declared\":true,\"installed\":true,\"version\":\"3.24.1\",\"resolution\":\"/Users/priyanshu/Desktop/Engifest/engifest-backend/functions/node_modules/firebase-functions/lib/index.js\"}"}}
[debug] [2023-02-14T15:45:39.800Z] [runtime-status] [93098] Resolved module firebase-admin {"declared":true,"installed":true,"version":"10.3.0","resolution":"/Users/priyanshu/Desktop/Engifest/engifest-backend/functions/node_modules/firebase-admin/lib/index.js"} {"metadata":{"emulator":{"name":"functions"},"function":{"name":"us-central1-app"},"extension":{},"message":"[runtime-status] [93098] Resolved module firebase-admin {\"declared\":true,\"installed\":true,\"version\":\"10.3.0\",\"resolution\":\"/Users/priyanshu/Desktop/Engifest/engifest-backend/functions/node_modules/firebase-admin/lib/index.js\"}"}}
[debug] [2023-02-14T15:45:39.800Z] [runtime-status] [93098] Resolved module firebase-functions {"declared":true,"installed":true,"version":"3.24.1","resolution":"/Users/priyanshu/Desktop/Engifest/engifest-backend/functions/node_modules/firebase-functions/lib/index.js"} {"metadata":{"emulator":{"name":"functions"},"function":{"name":"us-central1-app"},"extension":{},"message":"[runtime-status] [93098] Resolved module firebase-functions {\"declared\":true,\"installed\":true,\"version\":\"3.24.1\",\"resolution\":\"/Users/priyanshu/Desktop/Engifest/engifest-backend/functions/node_modules/firebase-functions/lib/index.js\"}"}}
[debug] [2023-02-14T15:45:39.800Z] [runtime-status] [93098] firebase-admin has been stubbed. {"adminResolution":{"declared":true,"installed":true,"version":"10.3.0","resolution":"/Users/priyanshu/Desktop/Engifest/engifest-backend/functions/node_modules/firebase-admin/lib/index.js"}} {"metadata":{"emulator":{"name":"functions"},"function":{"name":"us-central1-app"},"extension":{},"message":"[runtime-status] [93098] firebase-admin has been stubbed. {\"adminResolution\":{\"declared\":true,\"installed\":true,\"version\":\"10.3.0\",\"resolution\":\"/Users/priyanshu/Desktop/Engifest/engifest-backend/functions/node_modules/firebase-admin/lib/index.js\"}}"}}
[debug] [2023-02-14T15:45:39.841Z] [runtime-status] [93098] initializeApp(DEFAULT) {"storageBucket":"cultural-council.appspot.com","projectId":"cultural-council"} {"metadata":{"emulator":{"name":"functions"},"function":{"name":"us-central1-app"},"extension":{},"message":"[runtime-status] [93098] initializeApp(DEFAULT) {\"storageBucket\":\"cultural-council.appspot.com\",\"projectId\":\"cultural-council\"}"}}
[info] >  Tue, 14 Feb 2023 15:45:39 GMT body-parser deprecated undefined extended: provide extended option at index.js:16:17 {"user":"Tue, 14 Feb 2023 15:45:39 GMT body-parser deprecated undefined extended: provide extended option at index.js:16:17","metadata":{"emulator":{"name":"functions"},"function":{"name":"us-central1-app"},"extension":{},"message":"\u001b[90m> \u001b[39m Tue, 14 Feb 2023 15:45:39 GMT body-parser deprecated undefined extended: provide extended option at index.js:16:17"}}
[debug] [2023-02-14T15:45:40.191Z] [runtime-status] [93098] Functions runtime initialized. {"cwd":"/Users/priyanshu/Desktop/Engifest/engifest-backend/functions","node_version":"18.12.1"} {"metadata":{"emulator":{"name":"functions"},"function":{"name":"us-central1-app"},"extension":{},"message":"[runtime-status] [93098] Functions runtime initialized. {\"cwd\":\"/Users/priyanshu/Desktop/Engifest/engifest-backend/functions\",\"node_version\":\"18.12.1\"}"}}
[debug] [2023-02-14T15:45:40.192Z] [runtime-status] [93098] Listening to port: /var/folders/vs/sbwbn4051xd6zy5_6d83ll7r0000gn/T/fire_emu_bde73178c8c46448.sock {"metadata":{"emulator":{"name":"functions"},"function":{"name":"us-central1-app"},"extension":{},"message":"[runtime-status] [93098] Listening to port: /var/folders/vs/sbwbn4051xd6zy5_6d83ll7r0000gn/T/fire_emu_bde73178c8c46448.sock"}}
[debug] [2023-02-14T15:45:40.292Z] [worker-us-central1-app-ab1de1c9-3f78-4083-804d-55fec84f477d]: IDLE {"metadata":{"emulator":{"name":"functions"},"message":"[worker-us-central1-app-ab1de1c9-3f78-4083-804d-55fec84f477d]: IDLE"}}
[debug] [2023-02-14T15:45:40.293Z] [worker-pool] submitRequest(triggerId=us-central1-app) {"metadata":{"emulator":{"name":"functions"},"message":"[worker-pool] submitRequest(triggerId=us-central1-app)"}}
[debug] [2023-02-14T15:45:40.293Z] [worker-us-central1-app-ab1de1c9-3f78-4083-804d-55fec84f477d]: BUSY {"metadata":{"emulator":{"name":"functions"},"message":"[worker-us-central1-app-ab1de1c9-3f78-4083-804d-55fec84f477d]: BUSY"}}
[info] i  functions: Beginning execution of "app" {"metadata":{"emulator":{"name":"functions"},"function":{"name":"us-central1-app"},"extension":{},"message":"Beginning execution of \"app\""}}
[debug] [2023-02-14T15:45:40.297Z] [worker-us-central1-app-ab1de1c9-3f78-4083-804d-55fec84f477d]: IDLE {"metadata":{"emulator":{"name":"functions"},"message":"[worker-us-central1-app-ab1de1c9-3f78-4083-804d-55fec84f477d]: IDLE"}}
[debug] [2023-02-14T15:45:40.297Z] [work-queue] {"queueLength":0,"workRunningCount":0}
[info] i  functions: Finished "app" in 2.353ms {"metadata":{"emulator":{"name":"functions"},"function":{"name":"us-central1-app"},"extension":{},"message":"Finished \"app\" in 2.353ms"}}
[debug] [2023-02-14T15:45:40.403Z] Functions emulator received unknown request at path /favicon.ico
[debug] [2023-02-14T15:46:58.860Z] [work-queue] {"queueLength":1,"workRunningCount":0}
[debug] [2023-02-14T15:46:58.860Z] [work-queue] {"queueLength":0,"workRunningCount":1}
[debug] [2023-02-14T15:46:58.860Z] Accepted request GET /cultural-council/us-central1/app --> us-central1-app
[debug] [2023-02-14T15:46:58.864Z] [functions] Runtime ready! Sending request! {"metadata":{"emulator":{"name":"functions"},"message":"[functions] Runtime ready! Sending request!"}}
[debug] [2023-02-14T15:46:58.864Z] [functions] Got req.url=/cultural-council/us-central1/app, mapping to path=/ {"metadata":{"emulator":{"name":"functions"},"message":"[functions] Got req.url=/cultural-council/us-central1/app, mapping to path=/"}}
[debug] [2023-02-14T15:46:58.865Z] [worker-pool] submitRequest(triggerId=us-central1-app) {"metadata":{"emulator":{"name":"functions"},"message":"[worker-pool] submitRequest(triggerId=us-central1-app)"}}
[debug] [2023-02-14T15:46:58.865Z] [worker-us-central1-app-ab1de1c9-3f78-4083-804d-55fec84f477d]: BUSY {"metadata":{"emulator":{"name":"functions"},"message":"[worker-us-central1-app-ab1de1c9-3f78-4083-804d-55fec84f477d]: BUSY"}}
[info] i  functions: Beginning execution of "app" {"metadata":{"emulator":{"name":"functions"},"function":{"name":"us-central1-app"},"extension":{},"message":"Beginning execution of \"app\""}}
[debug] [2023-02-14T15:46:58.868Z] [worker-us-central1-app-ab1de1c9-3f78-4083-804d-55fec84f477d]: IDLE {"metadata":{"emulator":{"name":"functions"},"message":"[worker-us-central1-app-ab1de1c9-3f78-4083-804d-55fec84f477d]: IDLE"}}
[debug] [2023-02-14T15:46:58.868Z] [work-queue] {"queueLength":0,"workRunningCount":0}
[info] i  functions: Finished "app" in 0.792375ms {"metadata":{"emulator":{"name":"functions"},"function":{"name":"us-central1-app"},"extension":{},"message":"Finished \"app\" in 0.792375ms"}}
[debug] [2023-02-14T15:49:18.209Z] [work-queue] {"queueLength":1,"workRunningCount":0}
[debug] [2023-02-14T15:49:18.209Z] [work-queue] {"queueLength":0,"workRunningCount":1}
[debug] [2023-02-14T15:49:18.209Z] Accepted request GET /cultural-council/us-central1/app --> us-central1-app
[debug] [2023-02-14T15:49:18.212Z] [functions] Runtime ready! Sending request! {"metadata":{"emulator":{"name":"functions"},"message":"[functions] Runtime ready! Sending request!"}}
[debug] [2023-02-14T15:49:18.212Z] [functions] Got req.url=/cultural-council/us-central1/app, mapping to path=/ {"metadata":{"emulator":{"name":"functions"},"message":"[functions] Got req.url=/cultural-council/us-central1/app, mapping to path=/"}}
[debug] [2023-02-14T15:49:18.212Z] [worker-pool] submitRequest(triggerId=us-central1-app) {"metadata":{"emulator":{"name":"functions"},"message":"[worker-pool] submitRequest(triggerId=us-central1-app)"}}
[debug] [2023-02-14T15:49:18.212Z] [worker-us-central1-app-ab1de1c9-3f78-4083-804d-55fec84f477d]: BUSY {"metadata":{"emulator":{"name":"functions"},"message":"[worker-us-central1-app-ab1de1c9-3f78-4083-804d-55fec84f477d]: BUSY"}}
[info] i  functions: Beginning execution of "app" {"metadata":{"emulator":{"name":"functions"},"function":{"name":"us-central1-app"},"extension":{},"message":"Beginning execution of \"app\""}}
[debug] [2023-02-14T15:49:18.215Z] [worker-us-central1-app-ab1de1c9-3f78-4083-804d-55fec84f477d]: IDLE {"metadata":{"emulator":{"name":"functions"},"message":"[worker-us-central1-app-ab1de1c9-3f78-4083-804d-55fec84f477d]: IDLE"}}
[debug] [2023-02-14T15:49:18.215Z] [work-queue] {"queueLength":0,"workRunningCount":0}
[info] i  functions: Finished "app" in 0.66ms {"metadata":{"emulator":{"name":"functions"},"function":{"name":"us-central1-app"},"extension":{},"message":"Finished \"app\" in 0.66ms"}}
